<?xml version="1.0" encoding="UTF-8"?>
<!-- Generated by org.testng.reporters.JUnitReportReporter -->
<testsuite hostname="desktop1" failures="0" tests="8" name="api.test.DDTests" time="9.857" errors="0" timestamp="2024-07-10T21:10:53 BDT" skipped="0">
  <testcase classname="api.test.DDTests" name="test_postUser" time="1.241"/>
  <testcase classname="api.test.DDTests" name="test_postUser" time="1.233"/>
  <testcase classname="api.test.DDTests" name="test_postUser" time="1.253"/>
  <testcase classname="api.test.DDTests" name="test_postUser" time="1.229"/>
  <testcase classname="api.test.DDTests" name="test_deleteuser" time="1.232"/>
  <testcase classname="api.test.DDTests" name="test_deleteuser" time="1.225"/>
  <testcase classname="api.test.DDTests" name="test_deleteuser" time="1.219"/>
  <testcase classname="api.test.DDTests" name="test_deleteuser" time="1.225"/>
</testsuite> <!-- api.test.DDTests -->
