<?xml version="1.0" encoding="UTF-8"?>
<!-- Generated by org.testng.reporters.JUnitReportReporter -->
<testsuite hostname="desktop1" failures="0" tests="4" name="api.test.UserTests" time="9.007" errors="0" timestamp="2024-07-10T21:10:53 BDT" skipped="0">
  <testcase classname="api.test.UserTests" name="test_CreateUser" time="3.374"/>
  <testcase classname="api.test.UserTests" name="test_GetUser" time="1.256"/>
  <testcase classname="api.test.UserTests" name="test_UpdateUser" time="3.132"/>
  <testcase classname="api.test.UserTests" name="test_DeleteUser" time="1.245"/>
</testsuite> <!-- api.test.UserTests -->
