<?xml version="1.0" encoding="UTF-8"?>
<!-- Generated by org.testng.reporters.JUnitReportReporter -->
<testsuite hostname="desktop1" failures="0" tests="4" name="api.test.UserTests" time="16.816" errors="0" timestamp="2024-07-10T20:03:36 BDT" skipped="0">
  <testcase classname="api.test.UserTests" name="test_CreateUser" time="6.633"/>
  <system-out/>
  <testcase classname="api.test.UserTests" name="test_GetUser" time="2.779"/>
  <system-out/>
  <testcase classname="api.test.UserTests" name="test_UpdateUser" time="5.311"/>
  <system-out/>
  <testcase classname="api.test.UserTests" name="test_DeleteUser" time="2.093"/>
  <system-out/>
</testsuite> <!-- api.test.UserTests -->
