<?xml version="1.0" encoding="UTF-8"?>
<!-- Generated by org.testng.reporters.JUnitReportReporter -->
<testsuite hostname="desktop1" failures="0" tests="8" name="api.test.DDTests" time="19.413" errors="0" timestamp="2024-07-10T20:03:36 BDT" skipped="0">
  <testcase classname="api.test.DDTests" name="test_postUser" time="1.963"/>
  <system-out/>
  <testcase classname="api.test.DDTests" name="test_postUser" time="1.901"/>
  <system-out/>
  <testcase classname="api.test.DDTests" name="test_postUser" time="3.074"/>
  <system-out/>
  <testcase classname="api.test.DDTests" name="test_postUser" time="1.938"/>
  <system-out/>
  <testcase classname="api.test.DDTests" name="test_deleteuser" time="2.342"/>
  <system-out/>
  <testcase classname="api.test.DDTests" name="test_deleteuser" time="2.877"/>
  <system-out/>
  <testcase classname="api.test.DDTests" name="test_deleteuser" time="2.661"/>
  <system-out/>
  <testcase classname="api.test.DDTests" name="test_deleteuser" time="2.657"/>
  <system-out/>
</testsuite> <!-- api.test.DDTests -->
