<?xml version="1.0" encoding="UTF-8"?>
<!-- Generated by org.testng.reporters.JUnitReportReporter -->
<testsuite hostname="desktop1" failures="0" tests="8" name="api.test.DDTests" time="10.644" errors="0" timestamp="2024-07-14T10:02:03 BDT" skipped="0">
  <testcase classname="api.test.DDTests" name="test_postUser" time="1.378"/>
  <system-out/>
  <testcase classname="api.test.DDTests" name="test_postUser" time="1.298"/>
  <system-out/>
  <testcase classname="api.test.DDTests" name="test_postUser" time="1.329"/>
  <system-out/>
  <testcase classname="api.test.DDTests" name="test_postUser" time="1.335"/>
  <system-out/>
  <testcase classname="api.test.DDTests" name="test_deleteuser" time="1.221"/>
  <system-out/>
  <testcase classname="api.test.DDTests" name="test_deleteuser" time="1.466"/>
  <system-out/>
  <testcase classname="api.test.DDTests" name="test_deleteuser" time="1.269"/>
  <system-out/>
  <testcase classname="api.test.DDTests" name="test_deleteuser" time="1.348"/>
  <system-out/>
</testsuite> <!-- api.test.DDTests -->
