<?xml version="1.0" encoding="UTF-8"?>
<!-- Generated by org.testng.reporters.JUnitReportReporter -->
<testsuite hostname="desktop1" failures="0" tests="4" name="api.test.UserTests" time="9.276" errors="0" timestamp="2024-07-09T10:41:38 BDT" skipped="0">
  <testcase classname="api.test.UserTests" name="test_CreateUser" time="3.431"/>
  <testcase classname="api.test.UserTests" name="test_GetUser" time="1.334"/>
  <testcase classname="api.test.UserTests" name="test_UpdateUser" time="3.203"/>
  <testcase classname="api.test.UserTests" name="test_DeleteUser" time="1.308"/>
</testsuite> <!-- api.test.UserTests -->
