<?xml version="1.0" encoding="UTF-8"?>
<!-- Generated by org.testng.reporters.JUnitReportReporter -->
<testsuite hostname="desktop1" failures="0" tests="6" name="api.test.UserTests" time="11.831" errors="0" timestamp="2024-07-14T10:05:18 BDT" skipped="0">
  <testcase classname="api.test.UserTests" name="test_CreateUser" time="3.314"/>
  <system-out/>
  <testcase classname="api.test.UserTests" name="test_GetUser" time="1.342"/>
  <system-out/>
  <testcase classname="api.test.UserTests" name="test_LoginUser" time="1.846"/>
  <system-out/>
  <testcase classname="api.test.UserTests" name="test_LogoutUser" time="1.374"/>
  <system-out/>
  <testcase classname="api.test.UserTests" name="test_UpdateUser" time="2.671"/>
  <system-out/>
  <testcase classname="api.test.UserTests" name="test_DeleteUser" time="1.284"/>
  <system-out/>
</testsuite> <!-- api.test.UserTests -->
